20:14:31 │ INFO     │ run_strategy           │ Strategy run: mode=full, market=HK
20:14:31 │ INFO     │ run_strategy           │ Log file: C:\Users\kaush\OneDrive\Desktop\Code\smartmoneyrotation\logs\run_strategy_20260423_201431.log
20:14:31 │ INFO     │ src.db.loader          │ Cached universe_ohlcv.parquet: 345,696 rows, 94 symbols
20:14:31 │ INFO     │ src.db.loader          │ Created SQLAlchemy engine for PostgreSQL
20:14:34 │ INFO     │ src.db.loader          │ Loaded 43/43 tickers
20:14:34 │ INFO     │ pipeline.orchestrator  │ Phase 0: Loaded 43 tickers from data source
20:14:34 │ INFO     │ pipeline.orchestrator  │ Phase 0 complete: 43 tickers, benchmark=2800.HK (4508 bars), 3.1s
20:14:34 │ INFO     │ pipeline.orchestrator  │ Phase 1: Breadth disabled — skipping
20:14:34 │ INFO     │ pipeline.orchestrator  │ Phase 1: Sectors disabled — skipping
20:14:34 │ INFO     │ pipeline.orchestrator  │ Phase 1 complete: 0.0s
20:14:34 │ INFO     │ pipeline.runner        │   [1/43] 0823.HK...
20:14:38 │ INFO     │ pipeline.runner        │   [10/43] 3690.HK...
20:14:43 │ INFO     │ pipeline.runner        │   [20/43] 0388.HK...
20:14:47 │ INFO     │ pipeline.runner        │   [30/43] 9868.HK...
20:14:50 │ INFO     │ pipeline.runner        │   [40/43] 0003.HK...
20:14:52 │ INFO     │ pipeline.runner        │   [43/43] 1109.HK...
20:14:52 │ INFO     │ pipeline.runner        │ Batch complete: 42 succeeded, 0 errors, 1 skipped (of 43 total)
20:14:52 │ INFO     │ pipeline.orchestrator  │ Phase 2 complete: 42 scored, 0 errors, 18.6s
20:14:52 │ INFO     │ pipeline.orchestrator  │ Phase 2.5: Rotation not configured for HK — skipping
20:14:52 │ INFO     │ strategy.convergence   │ [HK] Scoring only: 16 BUY, 0 SELL, 42 total
20:14:52 │ INFO     │ strategy.convergence   │ [HK] 42 tickers  BUY_SCORING=16  HOLD=26
20:14:53 │ INFO     │ pipeline.orchestrator  │ Phase 2.75: Convergence applied — 42 tickers, 0 STRONG_BUY, 0 CONFLICT  (scores written back to scored_universe)
20:14:53 │ INFO     │ pipeline.orchestrator  │ Phase 3a: Rankings computed — 130708 rows
20:14:53 │ INFO     │ pipeline.orchestrator  │ Phase 3b: Portfolio built — 4 positions
20:14:54 │ INFO     │ pipeline.orchestrator  │ Phase 3c: Signals generated — 130708 rows
20:14:54 │ INFO     │ pipeline.orchestrator  │ Phase 3 complete: 1.8s
20:14:54 │ INFO     │ pipeline.orchestrator  │ Phase 4: Recommendation report built
20:14:54 │ INFO     │ pipeline.orchestrator  │ CASH Pipeline — 2026-04-23 — 42 tickers scored, 0 errors, top=0992.HK, lookback=0d, 23.5s
20:14:54 │ INFO     │ run_strategy           │ Completed in 23.5s — log at C:\Users\kaush\OneDrive\Desktop\Code\smartmoneyrotation\logs\run_strategy_20260423_201431.log
