08:53:44 │ INFO     │ run_strategy           │ Strategy run: mode=full, market=US
08:53:44 │ INFO     │ run_strategy           │ Log file: C:\Users\kaush\OneDrive\Desktop\Code\smartmoneyrotation\logs\run_strategy_20260423_085344.log
08:53:44 │ INFO     │ src.db.loader          │ Cached universe_ohlcv.parquet: 345,696 rows, 94 symbols
08:53:57 │ ERROR    │ yfinance               │ $BRK.B: possibly delisted; no price data found  (period=2y) (Yahoo error = "No data found, symbol may be delisted")
08:53:57 │ ERROR    │ yfinance               │ 
1 Failed download:
08:53:57 │ ERROR    │ yfinance               │ ['BRK.B']: possibly delisted; no price data found  (period=2y) (Yahoo error = "No data found, symbol may be delisted")
08:54:10 │ INFO     │ src.db.loader          │ Loaded 192/193 tickers (missing: 1)
08:54:10 │ INFO     │ pipeline.orchestrator  │ Phase 0: Loaded 192 tickers from data source
08:54:10 │ INFO     │ pipeline.orchestrator  │ Phase 0 complete: 192 tickers, benchmark=SPY (5030 bars), 26.0s
08:54:10 │ INFO     │ pipeline.orchestrator  │ Phase 1: Breadth computed — 5147 bars, regime=neutral
08:54:11 │ INFO     │ pipeline.orchestrator  │ Phase 1: Sector RS computed — 11 sectors
08:54:11 │ INFO     │ pipeline.orchestrator  │ Phase 1 complete: 1.8s
08:54:11 │ INFO     │ pipeline.runner        │   [1/192] XBI...
08:54:15 │ INFO     │ pipeline.runner        │   [10/192] BLOK...
08:54:19 │ INFO     │ pipeline.runner        │   [20/192] CIBR...
08:54:24 │ INFO     │ pipeline.runner        │   [30/192] MDY...
08:54:30 │ INFO     │ pipeline.runner        │   [40/192] XLE...
08:54:36 │ INFO     │ pipeline.runner        │   [50/192] SLV...
08:54:41 │ INFO     │ pipeline.runner        │   [60/192] GCT...
08:54:47 │ INFO     │ pipeline.runner        │   [70/192] XLP...
08:54:52 │ INFO     │ pipeline.runner        │   [80/192] SEDG...
08:54:56 │ INFO     │ pipeline.runner        │   [90/192] NNE...
08:55:01 │ INFO     │ pipeline.runner        │   [100/192] XLC...
08:55:05 │ INFO     │ pipeline.runner        │   [110/192] LI...
08:55:10 │ INFO     │ pipeline.runner        │   [120/192] RIOT...
08:55:15 │ INFO     │ pipeline.runner        │   [130/192] MBLY...
08:55:21 │ INFO     │ pipeline.runner        │   [140/192] LLY...
08:55:25 │ INFO     │ pipeline.runner        │   [150/192] USO...
08:55:31 │ INFO     │ pipeline.runner        │   [160/192] CCJ...
08:55:37 │ INFO     │ pipeline.runner        │   [170/192] MRNA...
08:55:41 │ INFO     │ pipeline.runner        │   [180/192] ARM...
08:55:45 │ INFO     │ pipeline.runner        │   [190/192] EWT...
08:55:46 │ INFO     │ pipeline.runner        │   [192/192] KWEB...
08:55:47 │ INFO     │ pipeline.runner        │ Batch complete: 191 succeeded, 0 errors, 1 skipped (of 192 total)
08:55:47 │ INFO     │ pipeline.orchestrator  │ Phase 2 complete: 191 scored, 0 errors, 97.0s
08:55:47 │ INFO     │ pipeline.orchestrator  │ Phase 2.5: Quality filter ON — 191 tickers have indicator data
08:55:47 │ INFO     │ strategy.rotation      │ Rotation as-of 2026-04-22  |  5147 days × 192 tickers  |  quality ON (191 tickers)
08:55:47 │ INFO     │ strategy.rotation      │ Leading : ['Technology', 'Energy', 'Materials']
08:55:47 │ INFO     │ strategy.rotation      │ Lagging : ['Utilities', 'Consumer Staples', 'Healthcare']
08:55:47 │ INFO     │ strategy.rotation      │   Technology: 11/24 candidates failed quality gate: ['AMD', 'TSM', 'ASML', 'AMAT', 'KLAC']
08:55:47 │ INFO     │ strategy.rotation      │   Energy: 1/1 candidates failed quality gate: ['CCJ']
08:55:47 │ INFO     │ strategy.rotation      │ All candidates in Energy filtered out — using XLE
08:55:47 │ INFO     │ strategy.rotation      │ Result  : 0 SELL  0 REDUCE  5 BUY  0 HOLD
08:55:47 │ INFO     │ pipeline.orchestrator  │ Phase 2.5: Rotation complete — 5 BUY, 0 SELL, 0 REDUCE, 0 HOLD  |  leading=['Technology', 'Energy', 'Materials']
08:55:47 │ INFO     │ pipeline.orchestrator  │ Phase 2.5: Quality summary — 5 BUYs, avg quality 0.73, range [0.61, 0.78]
08:55:47 │ INFO     │ strategy.convergence   │ [US] Convergence merge: 1 STRONG_BUY, 0 CONFLICT, 191 total
08:55:47 │ INFO     │ strategy.convergence   │ [US] 191 tickers  STRONG_BUY=1  BUY_SCORING=51  BUY_ROTATION=4  HOLD=135
08:55:47 │ INFO     │ pipeline.orchestrator  │ Phase 2.75: Convergence applied — 191 tickers, 1 STRONG_BUY, 0 CONFLICT
08:55:48 │ INFO     │ pipeline.orchestrator  │ Phase 3a: Rankings computed — 649797 rows
08:55:48 │ INFO     │ pipeline.orchestrator  │ Phase 3b: Portfolio built — 8 positions
08:55:54 │ INFO     │ pipeline.orchestrator  │ Phase 3c: Signals generated — 649797 rows
08:55:54 │ INFO     │ pipeline.orchestrator  │ Phase 3 complete: 7.0s
08:55:54 │ INFO     │ pipeline.orchestrator  │ Phase 4: Recommendation report built
08:55:54 │ INFO     │ pipeline.orchestrator  │ CASH Pipeline — 2026-04-23 — 191 tickers scored, 0 errors, top=INTC, lookback=0d, 132.0s
08:55:54 │ INFO     │ run_strategy           │ Completed in 132.0s — log at C:\Users\kaush\OneDrive\Desktop\Code\smartmoneyrotation\logs\run_strategy_20260423_085344.log
